[17:43:30] [REI-ReloadPlugins/ERROR] [REI] JEI Plugin [TravelersBackpackPlugin:travelersbackpack:travelersbackpack] of REI Plugin Compatibilities Adapter [rei_plugin_compatibilities, jei] plugin failed to reloadable-plugin/TransferHandlerRegistryImpl/!
java.lang.NoClassDefFoundError: mezz/jei/library/transfer/BasicRecipeTransferHandler
	at java.base/java.lang.ClassLoader.defineClass1(Native Method)
	at java.base/java.lang.ClassLoader.defineClass(Unknown Source)
	at cpw.mods.securejarhandler/cpw.mods.cl.ModuleClassLoader.readerToClass(ModuleClassLoader.java:119)
	at cpw.mods.securejarhandler/cpw.mods.cl.ModuleClassLoader.lambda$findClass$15(ModuleClassLoader.java:219)
	at cpw.mods.securejarhandler/cpw.mods.cl.ModuleClassLoader.loadFromModule(ModuleClassLoader.java:229)
	at cpw.mods.securejarhandler/cpw.mods.cl.ModuleClassLoader.findClass(ModuleClassLoader.java:219)
	at cpw.mods.securejarhandler/cpw.mods.cl.ModuleClassLoader.loadClass(ModuleClassLoader.java:135)
	at java.base/java.lang.ClassLoader.loadClass(Unknown Source)
	at TRANSFORMER/travelersbackpack@9.1.16/com.tiviacz.travelersbackpack.compat.jei.TravelersBackpackPlugin.registerRecipeTransferHandlers(TravelersBackpackPlugin.java:24)
	at TRANSFORMER/rei_plugin_compatibilities@12.0.93/me.shedaniel.rei.jeicompat.JEIPluginDetector$JEIPluginWrapper.registerTransferHandlers(JEIPluginDetector.java:573)
	at TRANSFORMER/roughlyenoughitems@12.1.785/me.shedaniel.rei.impl.client.transfer.TransferHandlerRegistryImpl.acceptPlugin(TransferHandlerRegistryImpl.java:48)
	at TRANSFORMER/roughlyenoughitems@12.1.785/me.shedaniel.rei.impl.client.transfer.TransferHandlerRegistryImpl.acceptPlugin(TransferHandlerRegistryImpl.java:42)
	at TRANSFORMER/roughlyenoughitems@12.1.785/me.shedaniel.rei.api.common.registry.Reloadable.acceptPlugin(Reloadable.java:78)
	at TRANSFORMER/roughlyenoughitems@12.1.785/me.shedaniel.rei.impl.common.plugins.PluginManagerImpl.lambda$reload$12(PluginManagerImpl.java:430)
	at TRANSFORMER/roughlyenoughitems@12.1.785/me.shedaniel.rei.impl.common.plugins.PluginManagerImpl.lambda$pluginSection$4(PluginManagerImpl.java:193)
	at TRANSFORMER/roughlyenoughitems@12.1.785/me.shedaniel.rei.impl.common.plugins.PluginManagerImpl.lambda$reload$13(PluginManagerImpl.java:420)
	at TRANSFORMER/roughlyenoughitems@12.1.785/me.shedaniel.rei.impl.common.plugins.PluginManagerImpl.pluginSection(PluginManagerImpl.java:191)
	at TRANSFORMER/roughlyenoughitems@12.1.785/me.shedaniel.rei.impl.common.plugins.PluginManagerImpl.reload(PluginManagerImpl.java:418)
	at TRANSFORMER/roughlyenoughitems@12.1.785/me.shedaniel.rei.api.common.plugins.PluginView$1.reload(PluginView.java:71)
	at TRANSFORMER/roughlyenoughitems@12.1.785/me.shedaniel.rei.impl.common.plugins.ReloadManagerImpl.reloadPlugins0(ReloadManagerImpl.java:155)
	at TRANSFORMER/roughlyenoughitems@12.1.785/me.shedaniel.rei.impl.common.plugins.ReloadManagerImpl.reloadPlugins0(ReloadManagerImpl.java:144)
	at TRANSFORMER/roughlyenoughitems@12.1.785/me.shedaniel.rei.impl.common.plugins.ReloadManagerImpl.lambda$reloadPlugins$7(ReloadManagerImpl.java:122)
	at java.base/java.util.concurrent.CompletableFuture$AsyncRun.run(Unknown Source)
	at java.base/java.util.concurrent.Executors$RunnableAdapter.call(Unknown Source)
	at java.base/java.util.concurrent.FutureTask.run(Unknown Source)
	at java.base/java.util.concurrent.ScheduledThreadPoolExecutor$ScheduledFutureTask.run(Unknown Source)
	at java.base/java.util.concurrent.ThreadPoolExecutor.runWorker(Unknown Source)
	at java.base/java.util.concurrent.ThreadPoolExecutor$Worker.run(Unknown Source)
	at java.base/java.lang.Thread.run(Unknown Source)
Caused by: java.lang.ClassNotFoundException: mezz.jei.library.transfer.BasicRecipeTransferHandler
	at java.base/jdk.internal.loader.BuiltinClassLoader.loadClass(Unknown Source)
	at java.base/java.lang.ClassLoader.loadClass(Unknown Source)
	at cpw.mods.securejarhandler/cpw.mods.cl.ModuleClassLoader.loadClass(ModuleClassLoader.java:137)
	at java.base/java.lang.ClassLoader.loadClass(Unknown Source)
	at cpw.mods.securejarhandler/cpw.mods.cl.ModuleClassLoader.loadClass(ModuleClassLoader.java:137)
	at java.base/java.lang.ClassLoader.loadClass(Unknown Source)
	... 29 more
